[01m[Kcc1plus:[m[K [01;31m[Kfatal error: [m[K/home/hanjiang/Desktop/my_try/my_try_ws/src/arm_driver/src/goal_set.cpp: æ²¡æœ‰é‚£ä¸ªæ–‡ä»¶æˆ–ç›®å½•
compilation terminated.
gmake[2]: *** [CMakeFiles/goal_set_node.dir/build.make:76ï¼šCMakeFiles/goal_set_node.dir/src/goal_set.cpp.o] é”™è¯¯ 1
gmake[1]: *** [CMakeFiles/Makefile2:622ï¼šCMakeFiles/goal_set_node.dir/all] é”™è¯¯ 2
gmake[1]: *** æ­£åœ¨ç­‰å¾…æœªå®Œæˆçš„ä»»åŠ¡....
gmake: *** [Makefile:146ï¼šall] é”™è¯¯ 2
