[0.006s] Invoking command in '/home/hanjiang/Desktop/my_try/my_try_ws/build/arm_driver': CMAKE_PREFIX_PATH=${CMAKE_PREFIX_PATH}:/opt/ros/humble /usr/bin/cmake --build /home/hanjiang/Desktop/my_try/my_try_ws/build/arm_driver -- -j20 -l20
[0.056s] [35m[1mConsolidate compiler generated dependencies of target arm_driver__rosidl_generator_c[0m
[0.058s] [35m[1mConsolidate compiler generated dependencies of target goal_set_node[0m
[0.065s] [  8%] Built target arm_driver__rosidl_generator_c
[0.065s] [ 11%] Built target arm_driver__cpp
[0.074s] [ 11%] Built target ament_cmake_python_copy_arm_driver
[0.074s] [35m[1mConsolidate compiler generated dependencies of target arm_driver__rosidl_typesupport_introspection_c[0m
[0.074s] [35m[1mConsolidate compiler generated dependencies of target arm_driver__rosidl_typesupport_introspection_cpp[0m
[0.076s] [35m[1mConsolidate compiler generated dependencies of target arm_driver__rosidl_typesupport_c[0m
[0.078s] [35m[1mConsolidate compiler generated dependencies of target arm_driver__rosidl_typesupport_fastrtps_c[0m
[0.080s] [ 14%] [32mBuilding CXX object CMakeFiles/goal_set_node.dir/src/goal_set.cpp.o[0m
[0.081s] [35m[1mConsolidate compiler generated dependencies of target arm_driver__rosidl_typesupport_fastrtps_cpp[0m
[0.081s] [35m[1mConsolidate compiler generated dependencies of target arm_driver__rosidl_typesupport_cpp[0m
[0.085s] [ 22%] Built target arm_driver__rosidl_typesupport_c
[0.086s] [ 37%] Built target arm_driver__rosidl_typesupport_introspection_cpp
[0.087s] [ 40%] Built target arm_driver__rosidl_typesupport_introspection_c
[0.087s] [01m[Kcc1plus:[m[K [01;31m[Kfatal error: [m[K/home/hanjiang/Desktop/my_try/my_try_ws/src/arm_driver/src/goal_set.cpp: æ²¡æœ‰é‚£ä¸ªæ–‡ä»¶æˆ–ç›®å½•
[0.087s] compilation terminated.
[0.088s] gmake[2]: *** [CMakeFiles/goal_set_node.dir/build.make:76ï¼šCMakeFiles/goal_set_node.dir/src/goal_set.cpp.o] é”™è¯¯ 1
[0.088s] gmake[1]: *** [CMakeFiles/Makefile2:622ï¼šCMakeFiles/goal_set_node.dir/all] é”™è¯¯ 2
[0.088s] gmake[1]: *** æ­£åœ¨ç­‰å¾…æœªå®Œæˆçš„ä»»åŠ¡....
[0.089s] [ 48%] Built target arm_driver__rosidl_typesupport_fastrtps_c
[0.091s] [ 57%] Built target arm_driver__rosidl_typesupport_fastrtps_cpp
[0.092s] [ 65%] Built target arm_driver__rosidl_typesupport_cpp
[0.215s] running egg_info
[0.215s] writing arm_driver.egg-info/PKG-INFO
[0.216s] writing dependency_links to arm_driver.egg-info/dependency_links.txt
[0.216s] writing top-level names to arm_driver.egg-info/top_level.txt
[0.224s] reading manifest file 'arm_driver.egg-info/SOURCES.txt'
[0.224s] writing manifest file 'arm_driver.egg-info/SOURCES.txt'
[0.241s] [ 65%] Built target ament_cmake_python_build_arm_driver_egg
[0.241s] gmake: *** [Makefile:146ï¼šall] é”™è¯¯ 2
[0.243s] Invoked command in '/home/hanjiang/Desktop/my_try/my_try_ws/build/arm_driver' returned '2': CMAKE_PREFIX_PATH=${CMAKE_PREFIX_PATH}:/opt/ros/humble /usr/bin/cmake --build /home/hanjiang/Desktop/my_try/my_try_ws/build/arm_driver -- -j20 -l20
