[  3%] Built target arm_driver__cpp
[ 12%] Built target arm_driver__rosidl_generator_c
[ 12%] Built target ament_cmake_python_copy_arm_driver
[ 21%] Built target arm_driver__rosidl_typesupport_introspection_c
[ 30%] Built target arm_driver__rosidl_typesupport_c
[ 39%] Built target arm_driver__rosidl_typesupport_cpp
[ 48%] Built target arm_driver__rosidl_typesupport_introspection_cpp
[ 57%] Built target arm_driver__rosidl_typesupport_fastrtps_cpp
[ 66%] Built target arm_driver__rosidl_typesupport_fastrtps_c
[ 66%] Built target arm_driver
[35m[1mConsolidate compiler generated dependencies of target hjarm_engineer_node[0m
[ 69%] Built target arm_driver__py
[ 72%] [32mBuilding CXX object CMakeFiles/hjarm_engineer_node.dir/src/hjarm_engineer.cpp.o[0m
[ 78%] Built target arm_driver__rosidl_generator_py
[ 87%] Built target arm_driver__rosidl_typesupport_fastrtps_c__pyext
[ 90%] Built target arm_driver__rosidl_typesupport_c__pyext
[ 96%] Built target arm_driver__rosidl_typesupport_introspection_c__pyext
running egg_info
writing arm_driver.egg-info/PKG-INFO
writing dependency_links to arm_driver.egg-info/dependency_links.txt
writing top-level names to arm_driver.egg-info/top_level.txt
reading manifest file 'arm_driver.egg-info/SOURCES.txt'
writing manifest file 'arm_driver.egg-info/SOURCES.txt'
[ 96%] Built target ament_cmake_python_build_arm_driver_egg
[01m[K/home/hanjiang/Desktop/my_try/my_try_ws/src/arm_driver/src/hjarm_engineer.cpp:[m[K In constructor â€˜[01m[KHjarmEngineer::HjarmEngineer(const rclcpp::NodeOptions&)[m[Kâ€™:
[01m[K/home/hanjiang/Desktop/my_try/my_try_ws/src/arm_driver/src/hjarm_engineer.cpp:46:30:[m[K [01;31m[Kerror: [m[Kâ€˜[01m[Khandle_goal[m[Kâ€™ is not a member of â€˜[01m[KHjarmEngineer[m[Kâ€™
   46 |         bind(&HjarmEngineer::[01;31m[Khandle_goal[m[K, this, placeholders::_1, placeholders::_2),
      |                              [01;31m[K^~~~~~~~~~~[m[K
[01m[K/home/hanjiang/Desktop/my_try/my_try_ws/src/arm_driver/src/hjarm_engineer.cpp:47:30:[m[K [01;31m[Kerror: [m[Kâ€˜[01m[Khandle_cancel[m[Kâ€™ is not a member of â€˜[01m[KHjarmEngineer[m[Kâ€™
   47 |         bind(&HjarmEngineer::[01;31m[Khandle_cancel[m[K, this, placeholders::_1),
      |                              [01;31m[K^~~~~~~~~~~~~[m[K
gmake[2]: *** [CMakeFiles/hjarm_engineer_node.dir/build.make:76ï¼šCMakeFiles/hjarm_engineer_node.dir/src/hjarm_engineer.cpp.o] é”™è¯¯ 1
gmake[1]: *** [CMakeFiles/Makefile2:594ï¼šCMakeFiles/hjarm_engineer_node.dir/all] é”™è¯¯ 2
gmake: *** [Makefile:146ï¼šall] é”™è¯¯ 2
