[  3%] Built target arm_driver__cpp
[ 12%] Built target arm_driver__rosidl_generator_c
[ 12%] Built target ament_cmake_python_copy_arm_driver
[ 21%] Built target arm_driver__rosidl_typesupport_cpp
[ 30%] Built target arm_driver__rosidl_typesupport_c
[ 39%] Built target arm_driver__rosidl_typesupport_fastrtps_cpp
[ 48%] Built target arm_driver__rosidl_typesupport_introspection_cpp
[ 57%] Built target arm_driver__rosidl_typesupport_fastrtps_c
[ 66%] Built target arm_driver__rosidl_typesupport_introspection_c
[ 66%] Built target arm_driver
[35m[1mConsolidate compiler generated dependencies of target hjarm_engineer_node[0m
[ 69%] Built target arm_driver__py
[ 72%] [32mBuilding CXX object CMakeFiles/hjarm_engineer_node.dir/src/hjarm_engineer.cpp.o[0m
[ 78%] Built target arm_driver__rosidl_generator_py
[ 84%] Built target arm_driver__rosidl_typesupport_fastrtps_c__pyext
[ 90%] Built target arm_driver__rosidl_typesupport_introspection_c__pyext
[ 96%] Built target arm_driver__rosidl_typesupport_c__pyext
running egg_info
writing arm_driver.egg-info/PKG-INFO
writing dependency_links to arm_driver.egg-info/dependency_links.txt
writing top-level names to arm_driver.egg-info/top_level.txt
reading manifest file 'arm_driver.egg-info/SOURCES.txt'
writing manifest file 'arm_driver.egg-info/SOURCES.txt'
[ 96%] Built target ament_cmake_python_build_arm_driver_egg
[100%] [32m[1mLinking CXX executable hjarm_engineer_node[0m
/usr/bin/ld: CMakeFiles/hjarm_engineer_node.dir/src/hjarm_engineer.cpp.o: in function `HjarmEngineer::handle_accepted(std::shared_ptr<rclcpp_action::ServerGoalHandle<control_msgs::action::FollowJointTrajectory> >)':
hjarm_engineer.cpp:(.text+0x21bb): undefined reference to `HjarmEngineer::execute_trajectory(std::shared_ptr<rclcpp_action::ServerGoalHandle<control_msgs::action::FollowJointTrajectory> >)'
collect2: error: ld returned 1 exit status
gmake[2]: *** [CMakeFiles/hjarm_engineer_node.dir/build.make:219ï¼šhjarm_engineer_node] é”™è¯¯ 1
gmake[1]: *** [CMakeFiles/Makefile2:594ï¼šCMakeFiles/hjarm_engineer_node.dir/all] é”™è¯¯ 2
gmake: *** [Makefile:146ï¼šall] é”™è¯¯ 2
