[  8%] Built target arm_driver__cpp
[ 11%] Built target arm_driver__rosidl_generator_c
[ 11%] Built target ament_cmake_python_copy_arm_driver
[ 14%] [32mBuilding CXX object CMakeFiles/goal_set_node.dir/src/goal_set.cpp.o[0m
[ 22%] Built target arm_driver__rosidl_typesupport_introspection_c
[ 31%] Built target arm_driver__rosidl_typesupport_fastrtps_c
[01m[Kcc1plus:[m[K [01;31m[Kfatal error: [m[K/home/hanjiang/Desktop/my_try/my_try_ws/src/arm_driver/src/goal_set.cpp: æ²¡æœ‰é‚£ä¸ªæ–‡ä»¶æˆ–ç›®å½•
compilation terminated.
gmake[2]: *** [CMakeFiles/goal_set_node.dir/build.make:76ï¼šCMakeFiles/goal_set_node.dir/src/goal_set.cpp.o] é”™è¯¯ 1
[ 40%] Built target arm_driver__rosidl_typesupport_c
[ 48%] Built target arm_driver__rosidl_typesupport_fastrtps_cpp
gmake[1]: *** [CMakeFiles/Makefile2:622ï¼šCMakeFiles/goal_set_node.dir/all] é”™è¯¯ 2
gmake[1]: *** æ­£åœ¨ç­‰å¾…æœªå®Œæˆçš„ä»»åŠ¡....
[ 57%] Built target arm_driver__rosidl_typesupport_introspection_cpp
[ 65%] Built target arm_driver__rosidl_typesupport_cpp
running egg_info
writing arm_driver.egg-info/PKG-INFO
writing dependency_links to arm_driver.egg-info/dependency_links.txt
writing top-level names to arm_driver.egg-info/top_level.txt
reading manifest file 'arm_driver.egg-info/SOURCES.txt'
writing manifest file 'arm_driver.egg-info/SOURCES.txt'
[ 65%] Built target ament_cmake_python_build_arm_driver_egg
gmake: *** [Makefile:146ï¼šall] é”™è¯¯ 2
